<?xml version="1.0" encoding="UTF-8"?>
<!-- Generated by org.testng.reporters.JUnitReportReporter -->
<testsuite hostname="DESKTOP-AS2KJ5R" failures="0" tests="1" name="com.MyTestingLearningCompany.Selenium_TestNG.HomePageCricBuzz" time="30.802" errors="0" timestamp="2025-09-29T04:40:24 IST" skipped="0">
  <testcase classname="com.MyTestingLearningCompany.Selenium_TestNG.HomePageCricBuzz" name="test1_HomePage" time="30.802"/>
</testsuite> <!-- com.MyTestingLearningCompany.Selenium_TestNG.HomePageCricBuzz -->
